#
# There is insufficient memory for the Java Runtime Environment to continue.
# Native memory allocation (malloc) failed to allocate 1036336 bytes. Error detail: Chunk::new
# Possible reasons:
#   The system is out of physical RAM or swap space
#   This process is running with CompressedOops enabled, and the Java Heap may be blocking the growth of the native heap
# Possible solutions:
#   Reduce memory load on the system
#   Increase physical memory or swap space
#   Check if swap backing store is full
#   Decrease Java heap size (-Xmx/-Xms)
#   Decrease number of Java threads
#   Decrease Java thread stack sizes (-Xss)
#   Set larger code cache with -XX:ReservedCodeCacheSize=
#   JVM is running with Unscaled Compressed Oops mode in which the Java heap is
#     placed in the first 4GB address space. The Java Heap base address is the
#     maximum limit for the native heap growth. Please use -XX:HeapBaseMinAddress
#     to set the Java Heap base and to place the Java Heap above 4GB virtual address.
# This output file may be truncated or incomplete.
#
#  Out of Memory Error (arena.cpp:168), pid=19556, tid=10232
#
# JRE version: OpenJDK Runtime Environment Temurin-21.0.10+7 (21.0.10+7) (build 21.0.10+7-LTS)
# Java VM: OpenJDK 64-Bit Server VM Temurin-21.0.10+7 (21.0.10+7-LTS, mixed mode, sharing, tiered, compressed oops, compressed class ptrs, parallel gc, windows-amd64)
# No core dump will be written. Minidumps are not enabled by default on client versions of Windows
#

---------------  S U M M A R Y ------------

Command Line: --add-modules=ALL-SYSTEM --add-opens=java.base/java.util=ALL-UNNAMED --add-opens=java.base/java.lang=ALL-UNNAMED --add-opens=java.base/sun.nio.fs=ALL-UNNAMED -Declipse.application=org.eclipse.jdt.ls.core.id1 -Dosgi.bundles.defaultStartLevel=4 -Declipse.product=org.eclipse.jdt.ls.core.product -Djava.import.generatesMetadataFilesAtProjectRoot=false -DDetectVMInstallationsJob.disabled=true -Dfile.encoding=utf8 -XX:+UseParallelGC -XX:GCTimeRatio=4 -XX:AdaptiveSizePolicyWeight=90 -Dsun.zip.disableMemoryMapping=true -Xmx2G -Xms100m -Xlog:disable -javaagent:c:\Users\62822\.vscode\extensions\redhat.java-1.54.0-win32-x64\lombok\lombok-1.18.39-4050.jar -XX:+HeapDumpOnOutOfMemoryError -XX:HeapDumpPath=c:\Users\62822\AppData\Roaming\Code\User\workspaceStorage\3d05a2680497302c478b42c341477874\redhat.java -Daether.dependencyCollector.impl=bf c:\Users\62822\.vscode\extensions\redhat.java-1.54.0-win32-x64\server\plugins\org.eclipse.equinox.launcher_1.7.100.v20251111-0406.jar -configuration c:\Users\62822\AppData\Roaming\Code\User\globalStorage\redhat.java\1.54.0\config_win -data c:\Users\62822\AppData\Roaming\Code\User\workspaceStorage\3d05a2680497302c478b42c341477874\redhat.java\jdt_ws --pipe=\\.\pipe\lsp-e25621424fe9ebcce0654938912b97a1-sock

Host: 11th Gen Intel(R) Core(TM) i5-1135G7 @ 2.40GHz, 8 cores, 7G,  Windows 11 , 64 bit Build 26100 (10.0.26100.8328)
Time: Sat Jun  6 19:13:15 2026 SE Asia Standard Time elapsed time: 17.260880 seconds (0d 0h 0m 17s)

---------------  T H R E A D  ---------------

Current thread (0x00000187137c20e0):  JavaThread "C2 CompilerThread0" daemon [_thread_in_native, id=10232, stack(0x00000077ea400000,0x00000077ea500000) (1024K)]


Current CompileTask:
C2:17260 7160       4       java.lang.invoke.DirectMethodHandle::make (275 bytes)

Stack: [0x00000077ea400000,0x00000077ea500000]
Native frames: (J=compiled Java code, j=interpreted, Vv=VM code, C=native code)
V  [jvm.dll+0x6d7a39]
V  [jvm.dll+0x8b4b26]
V  [jvm.dll+0x8b70de]
V  [jvm.dll+0x8b77c3]
V  [jvm.dll+0x284346]
V  [jvm.dll+0xc66ed]
V  [jvm.dll+0xc6c31]
V  [jvm.dll+0x2fb29e]
V  [jvm.dll+0x5fe884]
V  [jvm.dll+0x255b17]
V  [jvm.dll+0x24e12a]
V  [jvm.dll+0x24ba42]
V  [jvm.dll+0x1cb34e]
V  [jvm.dll+0x25b85d]
V  [jvm.dll+0x259dea]
V  [jvm.dll+0x3f857e]
V  [jvm.dll+0x85f59d]
V  [jvm.dll+0x6d626d]
C  [ucrtbase.dll+0x37b0]
C  [KERNEL32.DLL+0x2e957]
C  [ntdll.dll+0x427c]


---------------  P R O C E S S  ---------------

Threads class SMR info:
_java_thread_list=0x000001877391d7d0, length=42, elements={
0x000001871383ce00, 0x00000187137adee0, 0x00000187137aed00, 0x00000187137b4600,
0x00000187137b8430, 0x00000187137ba350, 0x00000187137bbdc0, 0x00000187137c20e0,
0x00000187137dc8a0, 0x000001876cd0c340, 0x000001876cdf8ee0, 0x000001877197a160,
0x0000018771433a80, 0x00000187715ed700, 0x00000187715e4b40, 0x00000187716fb810,
0x0000018772082800, 0x00000187710573a0, 0x0000018771f6c7a0, 0x0000018771f6ad60,
0x0000018771f6a040, 0x0000018771f6a6d0, 0x0000018771f699b0, 0x0000018771f6b3f0,
0x0000018771f6c110, 0x0000018771f6ba80, 0x0000018771f69320, 0x00000187717aaa10,
0x00000187717ac450, 0x00000187717ade90, 0x00000187717acae0, 0x00000187717ad170,
0x00000187717ab730, 0x00000187717ad800, 0x00000187717ab0a0, 0x00000187717abdc0,
0x00000187748c9440, 0x00000187748ccf50, 0x00000187748cae80, 0x00000187748cc8c0,
0x00000187748cb510, 0x0000018772f149a0
}

Java Threads: ( => current thread )
  0x000001871383ce00 JavaThread "main"                              [_thread_blocked, id=12544, stack(0x00000077e9a00000,0x00000077e9b00000) (1024K)]
  0x00000187137adee0 JavaThread "Reference Handler"          daemon [_thread_blocked, id=23500, stack(0x00000077e9e00000,0x00000077e9f00000) (1024K)]
  0x00000187137aed00 JavaThread "Finalizer"                  daemon [_thread_blocked, id=10268, stack(0x00000077e9f00000,0x00000077ea000000) (1024K)]
  0x00000187137b4600 JavaThread "Signal Dispatcher"          daemon [_thread_blocked, id=23540, stack(0x00000077ea000000,0x00000077ea100000) (1024K)]
  0x00000187137b8430 JavaThread "Attach Listener"            daemon [_thread_blocked, id=17280, stack(0x00000077ea100000,0x00000077ea200000) (1024K)]
  0x00000187137ba350 JavaThread "Service Thread"             daemon [_thread_blocked, id=20064, stack(0x00000077ea200000,0x00000077ea300000) (1024K)]
  0x00000187137bbdc0 JavaThread "Monitor Deflation Thread"   daemon [_thread_blocked, id=23452, stack(0x00000077ea300000,0x00000077ea400000) (1024K)]
=>0x00000187137c20e0 JavaThread "C2 CompilerThread0"         daemon [_thread_in_native, id=10232, stack(0x00000077ea400000,0x00000077ea500000) (1024K)]
  0x00000187137dc8a0 JavaThread "C1 CompilerThread0"         daemon [_thread_blocked, id=19620, stack(0x00000077ea500000,0x00000077ea600000) (1024K)]
  0x000001876cd0c340 JavaThread "Common-Cleaner"             daemon [_thread_blocked, id=20596, stack(0x00000077ea600000,0x00000077ea700000) (1024K)]
  0x000001876cdf8ee0 JavaThread "Notification Thread"        daemon [_thread_blocked, id=8292, stack(0x00000077ea700000,0x00000077ea800000) (1024K)]
  0x000001877197a160 JavaThread "Active Thread: Equinox Container: 068383dc-786e-4c3d-8ca9-c1d1275e0313"        [_thread_blocked, id=24752, stack(0x00000077eaf00000,0x00000077eb000000) (1024K)]
  0x0000018771433a80 JavaThread "Refresh Thread: Equinox Container: 068383dc-786e-4c3d-8ca9-c1d1275e0313" daemon [_thread_blocked, id=9860, stack(0x00000077eb100000,0x00000077eb200000) (1024K)]
  0x00000187715ed700 JavaThread "Framework Event Dispatcher: Equinox Container: 068383dc-786e-4c3d-8ca9-c1d1275e0313" daemon [_thread_blocked, id=18796, stack(0x00000077eb200000,0x00000077eb300000) (1024K)]
  0x00000187715e4b40 JavaThread "Start Level: Equinox Container: 068383dc-786e-4c3d-8ca9-c1d1275e0313" daemon [_thread_blocked, id=15280, stack(0x00000077eb300000,0x00000077eb400000) (1024K)]
  0x00000187716fb810 JavaThread "Bundle File Closer"         daemon [_thread_blocked, id=20600, stack(0x00000077eb400000,0x00000077eb500000) (1024K)]
  0x0000018772082800 JavaThread "SCR Component Actor"        daemon [_thread_blocked, id=1636, stack(0x00000077ea800000,0x00000077ea900000) (1024K)]
  0x00000187710573a0 JavaThread "Worker-JM"                         [_thread_blocked, id=11060, stack(0x00000077eb700000,0x00000077eb800000) (1024K)]
  0x0000018771f6c7a0 JavaThread "JNA Cleaner"                daemon [_thread_blocked, id=23856, stack(0x00000077eb500000,0x00000077eb600000) (1024K)]
  0x0000018771f6ad60 JavaThread "Worker-0"                          [_thread_blocked, id=1612, stack(0x00000077eb600000,0x00000077eb700000) (1024K)]
  0x0000018771f6a040 JavaThread "Worker-1"                          [_thread_blocked, id=25044, stack(0x00000077eb800000,0x00000077eb900000) (1024K)]
  0x0000018771f6a6d0 JavaThread "Java indexing"              daemon [_thread_blocked, id=25180, stack(0x00000077eba00000,0x00000077ebb00000) (1024K)]
  0x0000018771f699b0 JavaThread "Worker-2"                          [_thread_blocked, id=23612, stack(0x00000077ebb00000,0x00000077ebc00000) (1024K)]
  0x0000018771f6b3f0 JavaThread "Worker-3: Initialize Workspace"        [_thread_in_vm, id=25336, stack(0x00000077ebe00000,0x00000077ebf00000) (1024K)]
  0x0000018771f6c110 JavaThread "Worker-4"                          [_thread_blocked, id=24680, stack(0x00000077ebf00000,0x00000077ec000000) (1024K)]
  0x0000018771f6ba80 JavaThread "Worker-5"                          [_thread_blocked, id=3744, stack(0x00000077ec000000,0x00000077ec100000) (1024K)]
  0x0000018771f69320 JavaThread "Thread-1"                   daemon [_thread_in_native, id=23440, stack(0x00000077ec100000,0x00000077ec200000) (1024K)]
  0x00000187717aaa10 JavaThread "Thread-2"                   daemon [_thread_in_native, id=18884, stack(0x00000077ec200000,0x00000077ec300000) (1024K)]
  0x00000187717ac450 JavaThread "Thread-3"                   daemon [_thread_in_native, id=13024, stack(0x00000077ec300000,0x00000077ec400000) (1024K)]
  0x00000187717ade90 JavaThread "Thread-4"                   daemon [_thread_in_native, id=1572, stack(0x00000077ec400000,0x00000077ec500000) (1024K)]
  0x00000187717acae0 JavaThread "Thread-5"                   daemon [_thread_in_native, id=13068, stack(0x00000077ec500000,0x00000077ec600000) (1024K)]
  0x00000187717ad170 JavaThread "Thread-6"                   daemon [_thread_in_native, id=9872, stack(0x00000077ec600000,0x00000077ec700000) (1024K)]
  0x00000187717ab730 JavaThread "Thread-7"                   daemon [_thread_in_native, id=1188, stack(0x00000077ec700000,0x00000077ec800000) (1024K)]
  0x00000187717ad800 JavaThread "Thread-8"                   daemon [_thread_in_native, id=5884, stack(0x00000077ec800000,0x00000077ec900000) (1024K)]
  0x00000187717ab0a0 JavaThread "Thread-9"                   daemon [_thread_in_native, id=7176, stack(0x00000077ec900000,0x00000077eca00000) (1024K)]
  0x00000187717abdc0 JavaThread "pool-2-thread-1"                   [_thread_blocked, id=10720, stack(0x00000077eca00000,0x00000077ecb00000) (1024K)]
  0x00000187748c9440 JavaThread "WorkspaceEventsHandler"            [_thread_blocked, id=13028, stack(0x00000077ecb00000,0x00000077ecc00000) (1024K)]
  0x00000187748ccf50 JavaThread "pool-1-thread-1"                   [_thread_blocked, id=7856, stack(0x00000077ecc00000,0x00000077ecd00000) (1024K)]
  0x00000187748cae80 JavaThread "ForkJoinPool.commonPool-worker-1" daemon [_thread_blocked, id=16408, stack(0x00000077ece00000,0x00000077ecf00000) (1024K)]
  0x00000187748cc8c0 JavaThread "ForkJoinPool.commonPool-worker-2" daemon [_thread_blocked, id=18924, stack(0x00000077ecf00000,0x00000077ed000000) (1024K)]
  0x00000187748cb510 JavaThread "ProjectImportProgressReporter" daemon [_thread_blocked, id=21044, stack(0x00000077ed000000,0x00000077ed100000) (1024K)]
  0x0000018772f149a0 JavaThread "C2 CompilerThread1"         daemon [_thread_in_native, id=23832, stack(0x00000077eb900000,0x00000077eba00000) (1024K)]
Total: 42

Other Threads:
  0x0000018713790ca0 VMThread "VM Thread"                           [id=12640, stack(0x00000077e9d00000,0x00000077e9e00000) (1024K)]
  0x00000187138a9ca0 WatcherThread "VM Periodic Task Thread"        [id=21164, stack(0x00000077e9c00000,0x00000077e9d00000) (1024K)]
  0x000001871385c630 WorkerThread "GC Thread#0"                     [id=7248, stack(0x00000077e9b00000,0x00000077e9c00000) (1024K)]
  0x00000187718e32f0 WorkerThread "GC Thread#1"                     [id=3996, stack(0x00000077ea900000,0x00000077eaa00000) (1024K)]
  0x000001877106e090 WorkerThread "GC Thread#2"                     [id=24684, stack(0x00000077eaa00000,0x00000077eab00000) (1024K)]
  0x0000018771931d90 WorkerThread "GC Thread#3"                     [id=21256, stack(0x00000077eab00000,0x00000077eac00000) (1024K)]
  0x0000018771577680 WorkerThread "GC Thread#4"                     [id=904, stack(0x00000077eac00000,0x00000077ead00000) (1024K)]
  0x0000018771577a30 WorkerThread "GC Thread#5"                     [id=7112, stack(0x00000077ead00000,0x00000077eae00000) (1024K)]
  0x0000018771498fd0 WorkerThread "GC Thread#6"                     [id=22160, stack(0x00000077eae00000,0x00000077eaf00000) (1024K)]
  0x0000018771433180 WorkerThread "GC Thread#7"                     [id=3424, stack(0x00000077eb000000,0x00000077eb100000) (1024K)]
Total: 10

Threads with active compile tasks:
C2 CompilerThread0  17289 7160       4       java.lang.invoke.DirectMethodHandle::make (275 bytes)
C2 CompilerThread1  17289 7165       4       java.util.Properties::loadConvert (540 bytes)
Total: 2

VM state: not at safepoint (normal execution)

VM Mutex/Monitor currently owned by a thread: None

Heap address: 0x0000000080000000, size: 2048 MB, Compressed Oops mode: 32-bit

CDS archive(s) mapped at: [0x000001872b000000-0x000001872bba0000-0x000001872bba0000), size 12189696, SharedBaseAddress: 0x000001872b000000, ArchiveRelocationMode: 1.
Compressed class space mapped at: 0x000001872c000000-0x000001876c000000, reserved size: 1073741824
Narrow klass base: 0x000001872b000000, Narrow klass shift: 0, Narrow klass range: 0x100000000

GC Precious Log:
 CardTable entry size: 512
 CPUs: 8 total, 8 available
 Memory: 7887M
 Large Page Support: Disabled
 NUMA Support: Disabled
 Compressed Oops: Enabled (32-bit)
 Alignments: Space 512K, Generation 512K, Heap 2M
 Heap Min Capacity: 100M
 Heap Initial Capacity: 100M
 Heap Max Capacity: 2G
 Pre-touch: Disabled
 Parallel Workers: 8

Heap:
 PSYoungGen      total 19456K, used 8054K [0x00000000d5580000, 0x00000000d6b80000, 0x0000000100000000)
  eden space 17408K, 34% used [0x00000000d5580000,0x00000000d5b63aa0,0x00000000d6680000)
  from space 2048K, 98% used [0x00000000d6780000,0x00000000d697a000,0x00000000d6980000)
  to   space 2048K, 0% used [0x00000000d6980000,0x00000000d6980000,0x00000000d6b80000)
 ParOldGen       total 68608K, used 40055K [0x0000000080000000, 0x0000000084300000, 0x00000000d5580000)
  object space 68608K, 58% used [0x0000000080000000,0x000000008271dc28,0x0000000084300000)
 Metaspace       used 49250K, committed 50496K, reserved 1114112K
  class space    used 5326K, committed 5888K, reserved 1048576K

Card table byte_map: [0x00000187131e0000,0x00000187135f0000] _byte_map_base: 0x0000018712de0000

Marking Bits: (ParMarkBitMap*) 0x00007ff8b2c63450
 Begin Bits: [0x0000018725cf0000, 0x0000018727cf0000)
 End Bits:   [0x0000018727cf0000, 0x0000018729cf0000)

Polling page: 0x00000187115c0000

Metaspace:

Usage:
  Non-class:     42.89 MB used.
      Class:      5.20 MB used.
       Both:     48.10 MB used.

Virtual space:
  Non-class space:       64.00 MB reserved,      43.56 MB ( 68%) committed,  1 nodes.
      Class space:        1.00 GB reserved,       5.75 MB ( <1%) committed,  1 nodes.
             Both:        1.06 GB reserved,      49.31 MB (  5%) committed. 

Chunk freelists:
   Non-Class:  4.48 MB
       Class:  10.19 MB
        Both:  14.67 MB

MaxMetaspaceSize: unlimited
CompressedClassSpaceSize: 1.00 GB
Initial GC threshold: 21.00 MB
Current GC threshold: 58.38 MB
CDS: on
 - commit_granule_bytes: 65536.
 - commit_granule_words: 8192.
 - virtual_space_node_default_size: 8388608.
 - enlarge_chunks_in_place: 1.
 - use_allocation_guard: 0.


Internal statistics:

num_allocs_failed_limit: 6.
num_arena_births: 864.
num_arena_deaths: 24.
num_vsnodes_births: 2.
num_vsnodes_deaths: 0.
num_space_committed: 789.
num_space_uncommitted: 0.
num_chunks_returned_to_freelist: 32.
num_chunks_taken_from_freelist: 3003.
num_chunk_merges: 13.
num_chunk_splits: 1906.
num_chunks_enlarged: 1174.
num_inconsistent_stats: 0.

CodeHeap 'non-profiled nmethods': size=120000Kb used=4170Kb max_used=4170Kb free=115830Kb
 bounds [0x000001871e510000, 0x000001871e930000, 0x0000018725a40000]
CodeHeap 'profiled nmethods': size=120000Kb used=13800Kb max_used=13800Kb free=106199Kb
 bounds [0x0000018716a40000, 0x00000187177c0000, 0x000001871df70000]
CodeHeap 'non-nmethods': size=5760Kb used=1412Kb max_used=1476Kb free=4347Kb
 bounds [0x000001871df70000, 0x000001871e1e0000, 0x000001871e510000]
CodeCache: size=245760Kb, used=19382Kb, max_used=19446Kb, free=226376Kb
 total_blobs=7328, nmethods=6642, adapters=590, full_count=0
Compilation: enabled, stopped_count=0, restarted_count=0

Compilation events (20 events):
Event: 17.097 Thread 0x00000187137c20e0 nmethod 7158 0x000001871e91fd10 code [0x000001871e91ff00, 0x000001871e9202c8]
Event: 17.100 Thread 0x00000187137c20e0 7160       4       java.lang.invoke.DirectMethodHandle::make (275 bytes)
Event: 17.124 Thread 0x00000187137dc8a0 7162       3       org.eclipse.jdt.internal.compiler.impl.IrritantSet::isSet (23 bytes)
Event: 17.124 Thread 0x00000187137dc8a0 nmethod 7162 0x00000187177a8110 code [0x00000187177a82c0, 0x00000187177a8468]
Event: 17.137 Thread 0x00000187137dc8a0 7163   !   3       java.nio.charset.CharsetDecoder::decode (275 bytes)
Event: 17.139 Thread 0x00000187137dc8a0 nmethod 7163 0x00000187177a8590 code [0x00000187177a88c0, 0x00000187177a9cd0]
Event: 17.189 Thread 0x00000187137dc8a0 7168       3       org.lombokweb.asm.MethodWriter::visitLocalVariable (222 bytes)
Event: 17.190 Thread 0x00000187137dc8a0 nmethod 7168 0x00000187177aa310 code [0x00000187177aa660, 0x00000187177ab6e0]
Event: 17.191 Thread 0x00000187137dc8a0 7169       3       sun.net.www.MessageHeader::grow (92 bytes)
Event: 17.191 Thread 0x0000018772f149a0 7164       4       java.util.Properties$LineReader::readLine (584 bytes)
Event: 17.191 Thread 0x00000187137dc8a0 nmethod 7169 0x00000187177abf90 code [0x00000187177ac160, 0x00000187177ac638]
Event: 17.225 Thread 0x0000018772f149a0 nmethod 7164 0x000001871e920610 code [0x000001871e920840, 0x000001871e921b08]
Event: 17.225 Thread 0x0000018772f149a0 7165       4       java.util.Properties::loadConvert (540 bytes)
Event: 17.241 Thread 0x00000187137dc8a0 7170       3       java.lang.invoke.StringConcatFactory::classIndex (84 bytes)
Event: 17.242 Thread 0x00000187137dc8a0 nmethod 7170 0x00000187177ac790 code [0x00000187177aca40, 0x00000187177ad428]
Event: 17.242 Thread 0x00000187137dc8a0 7171       3       java.net.URL::openStream (8 bytes)
Event: 17.242 Thread 0x00000187137dc8a0 nmethod 7171 0x00000187177ad790 code [0x00000187177ad960, 0x00000187177adc60]
Event: 17.259 Thread 0x00000187137dc8a0 7172       3       java.io.FilterInputStream::available (8 bytes)
Event: 17.259 Thread 0x00000187137dc8a0 nmethod 7172 0x00000187177add90 code [0x00000187177adf40, 0x00000187177ae118]
Event: 17.259 Thread 0x00000187137dc8a0 7173       3       java.lang.invoke.DirectMethodHandle$Holder::invokeStatic (24 bytes)

GC Heap History (20 events):
Event: 13.411 GC heap before
{Heap before GC invocations=20 (full 2):
 PSYoungGen      total 23040K, used 23039K [0x00000000d5580000, 0x00000000d7000000, 0x0000000100000000)
  eden space 22016K, 99% used [0x00000000d5580000,0x00000000d6afffe8,0x00000000d6b00000)
  from space 1024K, 100% used [0x00000000d6d00000,0x00000000d6e00000,0x00000000d6e00000)
  to   space 2048K, 0% used [0x00000000d6e00000,0x00000000d6e00000,0x00000000d7000000)
 ParOldGen       total 68608K, used 21951K [0x0000000080000000, 0x0000000084300000, 0x00000000d5580000)
  object space 68608K, 31% used [0x0000000080000000,0x000000008156fc28,0x0000000084300000)
 Metaspace       used 44916K, committed 46144K, reserved 1114112K
  class space    used 4889K, committed 5376K, reserved 1048576K
}
Event: 13.416 GC heap after
{Heap after GC invocations=20 (full 2):
 PSYoungGen      total 20992K, used 2018K [0x00000000d5580000, 0x00000000d7700000, 0x0000000100000000)
  eden space 18944K, 0% used [0x00000000d5580000,0x00000000d5580000,0x00000000d6800000)
  from space 2048K, 98% used [0x00000000d6e00000,0x00000000d6ff8850,0x00000000d7000000)
  to   space 6144K, 0% used [0x00000000d6800000,0x00000000d6800000,0x00000000d6e00000)
 ParOldGen       total 68608K, used 25167K [0x0000000080000000, 0x0000000084300000, 0x00000000d5580000)
  object space 68608K, 36% used [0x0000000080000000,0x0000000081893c28,0x0000000084300000)
 Metaspace       used 44916K, committed 46144K, reserved 1114112K
  class space    used 4889K, committed 5376K, reserved 1048576K
}
Event: 14.171 GC heap before
{Heap before GC invocations=21 (full 2):
 PSYoungGen      total 20992K, used 20961K [0x00000000d5580000, 0x00000000d7700000, 0x0000000100000000)
  eden space 18944K, 99% used [0x00000000d5580000,0x00000000d67ffc20,0x00000000d6800000)
  from space 2048K, 98% used [0x00000000d6e00000,0x00000000d6ff8850,0x00000000d7000000)
  to   space 6144K, 0% used [0x00000000d6800000,0x00000000d6800000,0x00000000d6e00000)
 ParOldGen       total 68608K, used 25167K [0x0000000080000000, 0x0000000084300000, 0x00000000d5580000)
  object space 68608K, 36% used [0x0000000080000000,0x0000000081893c28,0x0000000084300000)
 Metaspace       used 46241K, committed 47424K, reserved 1114112K
  class space    used 5034K, committed 5568K, reserved 1048576K
}
Event: 14.175 GC heap after
{Heap after GC invocations=21 (full 2):
 PSYoungGen      total 19968K, used 688K [0x00000000d5580000, 0x00000000d6e80000, 0x0000000100000000)
  eden space 18944K, 0% used [0x00000000d5580000,0x00000000d5580000,0x00000000d6800000)
  from space 1024K, 67% used [0x00000000d6800000,0x00000000d68ac010,0x00000000d6900000)
  to   space 2560K, 0% used [0x00000000d6c00000,0x00000000d6c00000,0x00000000d6e80000)
 ParOldGen       total 68608K, used 26087K [0x0000000080000000, 0x0000000084300000, 0x00000000d5580000)
  object space 68608K, 38% used [0x0000000080000000,0x0000000081979cf0,0x0000000084300000)
 Metaspace       used 46241K, committed 47424K, reserved 1114112K
  class space    used 5034K, committed 5568K, reserved 1048576K
}
Event: 15.339 GC heap before
{Heap before GC invocations=22 (full 2):
 PSYoungGen      total 19968K, used 19632K [0x00000000d5580000, 0x00000000d6e80000, 0x0000000100000000)
  eden space 18944K, 100% used [0x00000000d5580000,0x00000000d6800000,0x00000000d6800000)
  from space 1024K, 67% used [0x00000000d6800000,0x00000000d68ac010,0x00000000d6900000)
  to   space 2560K, 0% used [0x00000000d6c00000,0x00000000d6c00000,0x00000000d6e80000)
 ParOldGen       total 68608K, used 26087K [0x0000000080000000, 0x0000000084300000, 0x00000000d5580000)
  object space 68608K, 38% used [0x0000000080000000,0x0000000081979cf0,0x0000000084300000)
 Metaspace       used 46827K, committed 48000K, reserved 1114112K
  class space    used 5087K, committed 5568K, reserved 1048576K
}
Event: 15.342 GC heap after
{Heap after GC invocations=22 (full 2):
 PSYoungGen      total 19968K, used 624K [0x00000000d5580000, 0x00000000d6d00000, 0x0000000100000000)
  eden space 18944K, 0% used [0x00000000d5580000,0x00000000d5580000,0x00000000d6800000)
  from space 1024K, 60% used [0x00000000d6c00000,0x00000000d6c9c010,0x00000000d6d00000)
  to   space 1024K, 0% used [0x00000000d6800000,0x00000000d6800000,0x00000000d6900000)
 ParOldGen       total 68608K, used 26649K [0x0000000080000000, 0x0000000084300000, 0x00000000d5580000)
  object space 68608K, 38% used [0x0000000080000000,0x0000000081a066d8,0x0000000084300000)
 Metaspace       used 46827K, committed 48000K, reserved 1114112K
  class space    used 5087K, committed 5568K, reserved 1048576K
}
Event: 15.774 GC heap before
{Heap before GC invocations=23 (full 2):
 PSYoungGen      total 19968K, used 19568K [0x00000000d5580000, 0x00000000d6d00000, 0x0000000100000000)
  eden space 18944K, 100% used [0x00000000d5580000,0x00000000d6800000,0x00000000d6800000)
  from space 1024K, 60% used [0x00000000d6c00000,0x00000000d6c9c010,0x00000000d6d00000)
  to   space 1024K, 0% used [0x00000000d6800000,0x00000000d6800000,0x00000000d6900000)
 ParOldGen       total 68608K, used 26649K [0x0000000080000000, 0x0000000084300000, 0x00000000d5580000)
  object space 68608K, 38% used [0x0000000080000000,0x0000000081a066d8,0x0000000084300000)
 Metaspace       used 47107K, committed 48320K, reserved 1114112K
  class space    used 5102K, committed 5632K, reserved 1048576K
}
Event: 15.780 GC heap after
{Heap after GC invocations=23 (full 2):
 PSYoungGen      total 19968K, used 992K [0x00000000d5580000, 0x00000000d6e00000, 0x0000000100000000)
  eden space 18944K, 0% used [0x00000000d5580000,0x00000000d5580000,0x00000000d6800000)
  from space 1024K, 96% used [0x00000000d6800000,0x00000000d68f8030,0x00000000d6900000)
  to   space 3072K, 0% used [0x00000000d6b00000,0x00000000d6b00000,0x00000000d6e00000)
 ParOldGen       total 68608K, used 28079K [0x0000000080000000, 0x0000000084300000, 0x00000000d5580000)
  object space 68608K, 40% used [0x0000000080000000,0x0000000081b6bd10,0x0000000084300000)
 Metaspace       used 47107K, committed 48320K, reserved 1114112K
  class space    used 5102K, committed 5632K, reserved 1048576K
}
Event: 16.032 GC heap before
{Heap before GC invocations=24 (full 2):
 PSYoungGen      total 19968K, used 19936K [0x00000000d5580000, 0x00000000d6e00000, 0x0000000100000000)
  eden space 18944K, 100% used [0x00000000d5580000,0x00000000d6800000,0x00000000d6800000)
  from space 1024K, 96% used [0x00000000d6800000,0x00000000d68f8030,0x00000000d6900000)
  to   space 3072K, 0% used [0x00000000d6b00000,0x00000000d6b00000,0x00000000d6e00000)
 ParOldGen       total 68608K, used 28079K [0x0000000080000000, 0x0000000084300000, 0x00000000d5580000)
  object space 68608K, 40% used [0x0000000080000000,0x0000000081b6bd10,0x0000000084300000)
 Metaspace       used 47521K, committed 48704K, reserved 1114112K
  class space    used 5164K, committed 5696K, reserved 1048576K
}
Event: 16.038 GC heap after
{Heap after GC invocations=24 (full 2):
 PSYoungGen      total 21504K, used 2225K [0x00000000d5580000, 0x00000000d6d80000, 0x0000000100000000)
  eden space 18944K, 0% used [0x00000000d5580000,0x00000000d5580000,0x00000000d6800000)
  from space 2560K, 86% used [0x00000000d6b00000,0x00000000d6d2c410,0x00000000d6d80000)
  to   space 2560K, 0% used [0x00000000d6880000,0x00000000d6880000,0x00000000d6b00000)
 ParOldGen       total 68608K, used 29071K [0x0000000080000000, 0x0000000084300000, 0x00000000d5580000)
  object space 68608K, 42% used [0x0000000080000000,0x0000000081c63d50,0x0000000084300000)
 Metaspace       used 47521K, committed 48704K, reserved 1114112K
  class space    used 5164K, committed 5696K, reserved 1048576K
}
Event: 16.145 GC heap before
{Heap before GC invocations=25 (full 2):
 PSYoungGen      total 21504K, used 21169K [0x00000000d5580000, 0x00000000d6d80000, 0x0000000100000000)
  eden space 18944K, 100% used [0x00000000d5580000,0x00000000d6800000,0x00000000d6800000)
  from space 2560K, 86% used [0x00000000d6b00000,0x00000000d6d2c410,0x00000000d6d80000)
  to   space 2560K, 0% used [0x00000000d6880000,0x00000000d6880000,0x00000000d6b00000)
 ParOldGen       total 68608K, used 29071K [0x0000000080000000, 0x0000000084300000, 0x00000000d5580000)
  object space 68608K, 42% used [0x0000000080000000,0x0000000081c63d50,0x0000000084300000)
 Metaspace       used 47526K, committed 48704K, reserved 1114112K
  class space    used 5164K, committed 5696K, reserved 1048576K
}
Event: 16.152 GC heap after
{Heap after GC invocations=25 (full 2):
 PSYoungGen      total 21504K, used 2370K [0x00000000d5580000, 0x00000000d6d00000, 0x0000000100000000)
  eden space 18944K, 0% used [0x00000000d5580000,0x00000000d5580000,0x00000000d6800000)
  from space 2560K, 92% used [0x00000000d6880000,0x00000000d6ad0810,0x00000000d6b00000)
  to   space 2048K, 0% used [0x00000000d6b00000,0x00000000d6b00000,0x00000000d6d00000)
 ParOldGen       total 68608K, used 31066K [0x0000000080000000, 0x0000000084300000, 0x00000000d5580000)
  object space 68608K, 45% used [0x0000000080000000,0x0000000081e56a30,0x0000000084300000)
 Metaspace       used 47526K, committed 48704K, reserved 1114112K
  class space    used 5164K, committed 5696K, reserved 1048576K
}
Event: 16.360 GC heap before
{Heap before GC invocations=26 (full 2):
 PSYoungGen      total 21504K, used 21314K [0x00000000d5580000, 0x00000000d6d00000, 0x0000000100000000)
  eden space 18944K, 100% used [0x00000000d5580000,0x00000000d6800000,0x00000000d6800000)
  from space 2560K, 92% used [0x00000000d6880000,0x00000000d6ad0810,0x00000000d6b00000)
  to   space 2048K, 0% used [0x00000000d6b00000,0x00000000d6b00000,0x00000000d6d00000)
 ParOldGen       total 68608K, used 31066K [0x0000000080000000, 0x0000000084300000, 0x00000000d5580000)
  object space 68608K, 45% used [0x0000000080000000,0x0000000081e56a30,0x0000000084300000)
 Metaspace       used 47540K, committed 48832K, reserved 1114112K
  class space    used 5164K, committed 5696K, reserved 1048576K
}
Event: 16.367 GC heap after
{Heap after GC invocations=26 (full 2):
 PSYoungGen      total 19456K, used 2020K [0x00000000d5580000, 0x00000000d7100000, 0x0000000100000000)
  eden space 17408K, 0% used [0x00000000d5580000,0x00000000d5580000,0x00000000d6680000)
  from space 2048K, 98% used [0x00000000d6b00000,0x00000000d6cf9000,0x00000000d6d00000)
  to   space 4608K, 0% used [0x00000000d6680000,0x00000000d6680000,0x00000000d6b00000)
 ParOldGen       total 68608K, used 33256K [0x0000000080000000, 0x0000000084300000, 0x00000000d5580000)
  object space 68608K, 48% used [0x0000000080000000,0x000000008207a3f0,0x0000000084300000)
 Metaspace       used 47540K, committed 48832K, reserved 1114112K
  class space    used 5164K, committed 5696K, reserved 1048576K
}
Event: 16.487 GC heap before
{Heap before GC invocations=27 (full 2):
 PSYoungGen      total 19456K, used 19428K [0x00000000d5580000, 0x00000000d7100000, 0x0000000100000000)
  eden space 17408K, 100% used [0x00000000d5580000,0x00000000d6680000,0x00000000d6680000)
  from space 2048K, 98% used [0x00000000d6b00000,0x00000000d6cf9000,0x00000000d6d00000)
  to   space 4608K, 0% used [0x00000000d6680000,0x00000000d6680000,0x00000000d6b00000)
 ParOldGen       total 68608K, used 33256K [0x0000000080000000, 0x0000000084300000, 0x00000000d5580000)
  object space 68608K, 48% used [0x0000000080000000,0x000000008207a3f0,0x0000000084300000)
 Metaspace       used 47559K, committed 48832K, reserved 1114112K
  class space    used 5164K, committed 5696K, reserved 1048576K
}
Event: 16.494 GC heap after
{Heap after GC invocations=27 (full 2):
 PSYoungGen      total 19968K, used 2080K [0x00000000d5580000, 0x00000000d6c80000, 0x0000000100000000)
  eden space 17408K, 0% used [0x00000000d5580000,0x00000000d5580000,0x00000000d6680000)
  from space 2560K, 81% used [0x00000000d6680000,0x00000000d6888010,0x00000000d6900000)
  to   space 3072K, 0% used [0x00000000d6980000,0x00000000d6980000,0x00000000d6c80000)
 ParOldGen       total 68608K, used 35222K [0x0000000080000000, 0x0000000084300000, 0x00000000d5580000)
  object space 68608K, 51% used [0x0000000080000000,0x0000000082265a18,0x0000000084300000)
 Metaspace       used 47559K, committed 48832K, reserved 1114112K
  class space    used 5164K, committed 5696K, reserved 1048576K
}
Event: 16.567 GC heap before
{Heap before GC invocations=28 (full 2):
 PSYoungGen      total 19968K, used 19488K [0x00000000d5580000, 0x00000000d6c80000, 0x0000000100000000)
  eden space 17408K, 100% used [0x00000000d5580000,0x00000000d6680000,0x00000000d6680000)
  from space 2560K, 81% used [0x00000000d6680000,0x00000000d6888010,0x00000000d6900000)
  to   space 3072K, 0% used [0x00000000d6980000,0x00000000d6980000,0x00000000d6c80000)
 ParOldGen       total 68608K, used 35222K [0x0000000080000000, 0x0000000084300000, 0x00000000d5580000)
  object space 68608K, 51% used [0x0000000080000000,0x0000000082265a18,0x0000000084300000)
 Metaspace       used 47583K, committed 48832K, reserved 1114112K
  class space    used 5164K, committed 5696K, reserved 1048576K
}
Event: 16.572 GC heap after
{Heap after GC invocations=28 (full 2):
 PSYoungGen      total 19456K, used 1784K [0x00000000d5580000, 0x00000000d6b80000, 0x0000000100000000)
  eden space 17408K, 0% used [0x00000000d5580000,0x00000000d5580000,0x00000000d6680000)
  from space 2048K, 87% used [0x00000000d6980000,0x00000000d6b3e200,0x00000000d6b80000)
  to   space 2048K, 0% used [0x00000000d6780000,0x00000000d6780000,0x00000000d6980000)
 ParOldGen       total 68608K, used 37150K [0x0000000080000000, 0x0000000084300000, 0x00000000d5580000)
  object space 68608K, 54% used [0x0000000080000000,0x0000000082447a28,0x0000000084300000)
 Metaspace       used 47583K, committed 48832K, reserved 1114112K
  class space    used 5164K, committed 5696K, reserved 1048576K
}
Event: 17.172 GC heap before
{Heap before GC invocations=29 (full 2):
 PSYoungGen      total 19456K, used 19192K [0x00000000d5580000, 0x00000000d6b80000, 0x0000000100000000)
  eden space 17408K, 100% used [0x00000000d5580000,0x00000000d6680000,0x00000000d6680000)
  from space 2048K, 87% used [0x00000000d6980000,0x00000000d6b3e200,0x00000000d6b80000)
  to   space 2048K, 0% used [0x00000000d6780000,0x00000000d6780000,0x00000000d6980000)
 ParOldGen       total 68608K, used 37150K [0x0000000080000000, 0x0000000084300000, 0x00000000d5580000)
  object space 68608K, 54% used [0x0000000080000000,0x0000000082447a28,0x0000000084300000)
 Metaspace       used 48622K, committed 49792K, reserved 1114112K
  class space    used 5246K, committed 5760K, reserved 1048576K
}
Event: 17.184 GC heap after
{Heap after GC invocations=29 (full 2):
 PSYoungGen      total 19456K, used 2024K [0x00000000d5580000, 0x00000000d6b80000, 0x0000000100000000)
  eden space 17408K, 0% used [0x00000000d5580000,0x00000000d5580000,0x00000000d6680000)
  from space 2048K, 98% used [0x00000000d6780000,0x00000000d697a000,0x00000000d6980000)
  to   space 2048K, 0% used [0x00000000d6980000,0x00000000d6980000,0x00000000d6b80000)
 ParOldGen       total 68608K, used 40055K [0x0000000080000000, 0x0000000084300000, 0x00000000d5580000)
  object space 68608K, 58% used [0x0000000080000000,0x000000008271dc28,0x0000000084300000)
 Metaspace       used 48622K, committed 49792K, reserved 1114112K
  class space    used 5246K, committed 5760K, reserved 1048576K
}

Dll operation events (10 events):
Event: 0.016 Loaded shared library c:\Users\62822\.vscode\extensions\redhat.java-1.54.0-win32-x64\jre\21.0.10-win32-x86_64\bin\java.dll
Event: 0.116 Loaded shared library c:\Users\62822\.vscode\extensions\redhat.java-1.54.0-win32-x64\jre\21.0.10-win32-x86_64\bin\zip.dll
Event: 0.166 Loaded shared library C:\Users\62822\.vscode\extensions\redhat.java-1.54.0-win32-x64\jre\21.0.10-win32-x86_64\bin\instrument.dll
Event: 0.175 Loaded shared library C:\Users\62822\.vscode\extensions\redhat.java-1.54.0-win32-x64\jre\21.0.10-win32-x86_64\bin\net.dll
Event: 0.182 Loaded shared library C:\Users\62822\.vscode\extensions\redhat.java-1.54.0-win32-x64\jre\21.0.10-win32-x86_64\bin\nio.dll
Event: 0.188 Loaded shared library C:\Users\62822\.vscode\extensions\redhat.java-1.54.0-win32-x64\jre\21.0.10-win32-x86_64\bin\zip.dll
Event: 0.218 Loaded shared library C:\Users\62822\.vscode\extensions\redhat.java-1.54.0-win32-x64\jre\21.0.10-win32-x86_64\bin\jimage.dll
Event: 0.482 Loaded shared library c:\Users\62822\.vscode\extensions\redhat.java-1.54.0-win32-x64\jre\21.0.10-win32-x86_64\bin\verify.dll
Event: 2.711 Loaded shared library C:\Users\62822\AppData\Roaming\Code\User\globalStorage\redhat.java\1.54.0\config_win\org.eclipse.equinox.launcher\org.eclipse.equinox.launcher.win32.win32.x86_64_1.3.0.v20260203-2149\eclipse_11919.dll
Event: 7.151 Loaded shared library C:\Users\62822\AppData\Local\Temp\jna-51415100\jna1853450706392096327.dll

Deoptimization events (20 events):
Event: 17.054 Thread 0x0000018771f6b3f0 DEOPT PACKING pc=0x000001871e914fa8 sp=0x00000077ebefe3f0
Event: 17.054 Thread 0x0000018771f6b3f0 DEOPT UNPACKING pc=0x000001871dfc6da2 sp=0x00000077ebefe380 mode 2
Event: 17.140 Thread 0x0000018771f6b3f0 DEOPT PACKING pc=0x000001871732cf06 sp=0x00000077ebefdbb0
Event: 17.140 Thread 0x0000018771f6b3f0 DEOPT UNPACKING pc=0x000001871dfc78e2 sp=0x00000077ebefd098 mode 0
Event: 17.187 Thread 0x0000018771f6b3f0 Uncommon trap: trap_request=0xffffffc6 fr.pc=0x000001871e851a88 relative=0x0000000000000468
Event: 17.187 Thread 0x0000018771f6b3f0 Uncommon trap: reason=bimorphic_or_optimized_type_check action=maybe_recompile pc=0x000001871e851a88 method=java.util.regex.Pattern$Begin.match(Ljava/util/regex/Matcher;ILjava/lang/CharSequence;)Z @ 30 c2
Event: 17.187 Thread 0x0000018771f6b3f0 DEOPT PACKING pc=0x000001871e851a88 sp=0x00000077ebef8330
Event: 17.187 Thread 0x0000018771f6b3f0 DEOPT UNPACKING pc=0x000001871dfc6da2 sp=0x00000077ebef82e0 mode 2
Event: 17.187 Thread 0x0000018771f6b3f0 Uncommon trap: trap_request=0xffffffc6 fr.pc=0x000001871e851a88 relative=0x0000000000000468
Event: 17.187 Thread 0x0000018771f6b3f0 Uncommon trap: reason=bimorphic_or_optimized_type_check action=maybe_recompile pc=0x000001871e851a88 method=java.util.regex.Pattern$Begin.match(Ljava/util/regex/Matcher;ILjava/lang/CharSequence;)Z @ 30 c2
Event: 17.187 Thread 0x0000018771f6b3f0 DEOPT PACKING pc=0x000001871e851a88 sp=0x00000077ebef8330
Event: 17.187 Thread 0x0000018771f6b3f0 DEOPT UNPACKING pc=0x000001871dfc6da2 sp=0x00000077ebef82e0 mode 2
Event: 17.187 Thread 0x0000018771f6b3f0 Uncommon trap: trap_request=0xffffffc6 fr.pc=0x000001871e851a88 relative=0x0000000000000468
Event: 17.187 Thread 0x0000018771f6b3f0 Uncommon trap: reason=bimorphic_or_optimized_type_check action=maybe_recompile pc=0x000001871e851a88 method=java.util.regex.Pattern$Begin.match(Ljava/util/regex/Matcher;ILjava/lang/CharSequence;)Z @ 30 c2
Event: 17.187 Thread 0x0000018771f6b3f0 DEOPT PACKING pc=0x000001871e851a88 sp=0x00000077ebef83a0
Event: 17.187 Thread 0x0000018771f6b3f0 DEOPT UNPACKING pc=0x000001871dfc6da2 sp=0x00000077ebef8350 mode 2
Event: 17.191 Thread 0x0000018771f6b3f0 Uncommon trap: trap_request=0xffffffc6 fr.pc=0x000001871e851a88 relative=0x0000000000000468
Event: 17.191 Thread 0x0000018771f6b3f0 Uncommon trap: reason=bimorphic_or_optimized_type_check action=maybe_recompile pc=0x000001871e851a88 method=java.util.regex.Pattern$Begin.match(Ljava/util/regex/Matcher;ILjava/lang/CharSequence;)Z @ 30 c2
Event: 17.191 Thread 0x0000018771f6b3f0 DEOPT PACKING pc=0x000001871e851a88 sp=0x00000077ebef8330
Event: 17.191 Thread 0x0000018771f6b3f0 DEOPT UNPACKING pc=0x000001871dfc6da2 sp=0x00000077ebef82e0 mode 2

Classes loaded (20 events):
Event: 15.259 Loading class java/nio/file/ClosedDirectoryStreamException
Event: 15.259 Loading class java/nio/file/ClosedDirectoryStreamException done
Event: 15.260 Loading class jdk/internal/jrtfs/JrtFileSystem
Event: 15.260 Loading class jdk/internal/jrtfs/JrtFileSystem done
Event: 15.260 Loading class jdk/internal/jrtfs/JrtPath
Event: 15.261 Loading class jdk/internal/jrtfs/JrtPath done
Event: 15.261 Loading class jdk/internal/jimage/ImageReader$Node
Event: 15.261 Loading class jdk/internal/jimage/ImageReader$Node done
Event: 15.269 Loading class java/nio/ByteBufferAsIntBufferL
Event: 15.270 Loading class java/nio/ByteBufferAsIntBufferL done
Event: 15.273 Loading class jdk/internal/jimage/ImageReader$Directory
Event: 15.274 Loading class jdk/internal/jimage/ImageReader$Directory done
Event: 15.909 Loading class java/util/AbstractList$ListItr
Event: 15.909 Loading class java/util/AbstractList$ListItr done
Event: 15.930 Loading class java/nio/channels/Channels$ReadableByteChannelImpl
Event: 15.933 Loading class java/nio/channels/Channels$ReadableByteChannelImpl done
Event: 15.934 Loading class java/nio/channels/NonWritableChannelException
Event: 15.935 Loading class java/nio/channels/NonWritableChannelException done
Event: 17.061 Loading class java/lang/UnsupportedClassVersionError
Event: 17.061 Loading class java/lang/UnsupportedClassVersionError done

Classes unloaded (12 events):
Event: 8.102 Thread 0x0000018713790ca0 Unloading class 0x000001872c1ab400 'java/lang/invoke/LambdaForm$MH+0x000001872c1ab400'
Event: 8.102 Thread 0x0000018713790ca0 Unloading class 0x000001872c1ab000 'java/lang/invoke/LambdaForm$MH+0x000001872c1ab000'
Event: 8.102 Thread 0x0000018713790ca0 Unloading class 0x000001872c1aac00 'java/lang/invoke/LambdaForm$MH+0x000001872c1aac00'
Event: 8.102 Thread 0x0000018713790ca0 Unloading class 0x000001872c1aa800 'java/lang/invoke/LambdaForm$MH+0x000001872c1aa800'
Event: 8.102 Thread 0x0000018713790ca0 Unloading class 0x000001872c1aa400 'java/lang/invoke/LambdaForm$BMH+0x000001872c1aa400'
Event: 8.102 Thread 0x0000018713790ca0 Unloading class 0x000001872c1aa000 'java/lang/invoke/LambdaForm$DMH+0x000001872c1aa000'
Event: 8.102 Thread 0x0000018713790ca0 Unloading class 0x000001872c1a8c00 'java/lang/invoke/LambdaForm$DMH+0x000001872c1a8c00'
Event: 9.661 Thread 0x0000018713790ca0 Unloading class 0x000001872c333c00 'java/lang/invoke/LambdaForm$MH+0x000001872c333c00'
Event: 9.661 Thread 0x0000018713790ca0 Unloading class 0x000001872c333000 'java/lang/invoke/LambdaForm$MH+0x000001872c333000'
Event: 9.661 Thread 0x0000018713790ca0 Unloading class 0x000001872c332400 'java/lang/invoke/LambdaForm$MH+0x000001872c332400'
Event: 9.661 Thread 0x0000018713790ca0 Unloading class 0x000001872c332000 'java/lang/invoke/LambdaForm$DMH+0x000001872c332000'
Event: 9.661 Thread 0x0000018713790ca0 Unloading class 0x000001872c331400 'java/lang/invoke/LambdaForm$MH+0x000001872c331400'

Classes redefined (0 events):
No events

Internal exceptions (20 events):
Event: 14.801 Thread 0x0000018771f6b3f0 Exception <a 'sun/nio/fs/WindowsException'{0x00000000d63587d8}> (0x00000000d63587d8) 
thrown [s\src\hotspot\share\prims\jni.cpp, line 520]
Event: 14.801 Thread 0x0000018771f6b3f0 Exception <a 'sun/nio/fs/WindowsException'{0x00000000d635dd20}> (0x00000000d635dd20) 
thrown [s\src\hotspot\share\prims\jni.cpp, line 520]
Event: 14.801 Thread 0x0000018771f6b3f0 Exception <a 'sun/nio/fs/WindowsException'{0x00000000d6360a98}> (0x00000000d6360a98) 
thrown [s\src\hotspot\share\prims\jni.cpp, line 520]
Event: 14.802 Thread 0x0000018771f6b3f0 Exception <a 'sun/nio/fs/WindowsException'{0x00000000d6366560}> (0x00000000d6366560) 
thrown [s\src\hotspot\share\prims\jni.cpp, line 520]
Event: 14.802 Thread 0x0000018771f6b3f0 Exception <a 'sun/nio/fs/WindowsException'{0x00000000d63691c8}> (0x00000000d63691c8) 
thrown [s\src\hotspot\share\prims\jni.cpp, line 520]
Event: 14.805 Thread 0x0000018771f6b3f0 Exception <a 'sun/nio/fs/WindowsException'{0x00000000d636e488}> (0x00000000d636e488) 
thrown [s\src\hotspot\share\prims\jni.cpp, line 520]
Event: 14.806 Thread 0x0000018771f6b3f0 Exception <a 'sun/nio/fs/WindowsException'{0x00000000d6371200}> (0x00000000d6371200) 
thrown [s\src\hotspot\share\prims\jni.cpp, line 520]
Event: 14.806 Thread 0x0000018771f6b3f0 Exception <a 'sun/nio/fs/WindowsException'{0x00000000d63755e0}> (0x00000000d63755e0) 
thrown [s\src\hotspot\share\prims\jni.cpp, line 520]
Event: 14.806 Thread 0x0000018771f6b3f0 Exception <a 'sun/nio/fs/WindowsException'{0x00000000d6378498}> (0x00000000d6378498) 
thrown [s\src\hotspot\share\prims\jni.cpp, line 520]
Event: 14.807 Thread 0x0000018771f6b3f0 Exception <a 'sun/nio/fs/WindowsException'{0x00000000d637d758}> (0x00000000d637d758) 
thrown [s\src\hotspot\share\prims\jni.cpp, line 520]
Event: 14.807 Thread 0x0000018771f6b3f0 Exception <a 'sun/nio/fs/WindowsException'{0x00000000d63804d0}> (0x00000000d63804d0) 
thrown [s\src\hotspot\share\prims\jni.cpp, line 520]
Event: 14.807 Thread 0x0000018771f6b3f0 Exception <a 'sun/nio/fs/WindowsException'{0x00000000d6386d98}> (0x00000000d6386d98) 
thrown [s\src\hotspot\share\prims\jni.cpp, line 520]
Event: 14.807 Thread 0x0000018771f6b3f0 Exception <a 'sun/nio/fs/WindowsException'{0x00000000d6389910}> (0x00000000d6389910) 
thrown [s\src\hotspot\share\prims\jni.cpp, line 520]
Event: 14.807 Thread 0x0000018771f6b3f0 Exception <a 'sun/nio/fs/WindowsException'{0x00000000d638c440}> (0x00000000d638c440) 
thrown [s\src\hotspot\share\prims\jni.cpp, line 520]
Event: 14.808 Thread 0x0000018771f6b3f0 Exception <a 'sun/nio/fs/WindowsException'{0x00000000d6390350}> (0x00000000d6390350) 
thrown [s\src\hotspot\share\prims\jni.cpp, line 520]
Event: 14.808 Thread 0x0000018771f6b3f0 Exception <a 'sun/nio/fs/WindowsException'{0x00000000d6395650}> (0x00000000d6395650) 
thrown [s\src\hotspot\share\prims\jni.cpp, line 520]
Event: 14.808 Thread 0x0000018771f6b3f0 Exception <a 'sun/nio/fs/WindowsException'{0x00000000d6398180}> (0x00000000d6398180) 
thrown [s\src\hotspot\share\prims\jni.cpp, line 520]
Event: 15.246 Thread 0x0000018771f6b3f0 Exception <a 'java/lang/NoSuchMethodError'{0x00000000d6595ea8}: 'java.lang.Object java.lang.invoke.DelegatingMethodHandle$Holder.reinvoke_L(java.lang.Object, int, long, java.lang.Object, java.lang.Object, int, java.lang.Object)'> (0x00000000d6595ea8) 
thrown [s\src\hotspot\share\interpreter\linkResolver.cpp, line 773]
Event: 15.441 Thread 0x0000018771f6b3f0 Exception <a 'java/lang/NoSuchMethodError'{0x00000000d58a8aa0}: 'java.lang.Object java.lang.invoke.Invokers$Holder.invoke_MT(java.lang.Object, java.lang.Object, java.lang.Object, java.lang.Object, java.lang.Object, java.lang.Object, java.lang.Object, java.lang.Object, java.lang.Object, java.lang.Object)'> (0x00000000d58a8aa0) 
thrown [s\src\hotspot\share\interpreter\linkResolver.cpp, line 773]
Event: 17.074 Thread 0x0000018771f6b3f0 Exception <a 'java/lang/NoSuchMethodError'{0x00000000d64a9480}: 'int java.lang.invoke.Invokers$Holder.invokeExact_MT(java.lang.Object, java.lang.Object)'> (0x00000000d64a9480) 
thrown [s\src\hotspot\share\interpreter\linkResolver.cpp, line 773]

ZGC Phase Switch (0 events):
No events

VM Operations (20 events):
Event: 15.774 Executing safepoint VM operation: ParallelGCFailedAllocation (Allocation Failure)
Event: 15.780 Executing safepoint VM operation: ParallelGCFailedAllocation (Allocation Failure) done
Event: 15.913 Executing non-safepoint VM operation: HandshakeAllThreads (Deoptimize)
Event: 15.913 Executing non-safepoint VM operation: HandshakeAllThreads (Deoptimize) done
Event: 16.032 Executing safepoint VM operation: ParallelGCFailedAllocation (Allocation Failure)
Event: 16.038 Executing safepoint VM operation: ParallelGCFailedAllocation (Allocation Failure) done
Event: 16.145 Executing safepoint VM operation: ParallelGCFailedAllocation (Allocation Failure)
Event: 16.152 Executing safepoint VM operation: ParallelGCFailedAllocation (Allocation Failure) done
Event: 16.360 Executing safepoint VM operation: ParallelGCFailedAllocation (Allocation Failure)
Event: 16.367 Executing safepoint VM operation: ParallelGCFailedAllocation (Allocation Failure) done
Event: 16.487 Executing safepoint VM operation: ParallelGCFailedAllocation (Allocation Failure)
Event: 16.494 Executing safepoint VM operation: ParallelGCFailedAllocation (Allocation Failure) done
Event: 16.567 Executing safepoint VM operation: ParallelGCFailedAllocation (Allocation Failure)
Event: 16.572 Executing safepoint VM operation: ParallelGCFailedAllocation (Allocation Failure) done
Event: 17.019 Executing non-safepoint VM operation: HandshakeAllThreads (Deoptimize)
Event: 17.019 Executing non-safepoint VM operation: HandshakeAllThreads (Deoptimize) done
Event: 17.069 Executing non-safepoint VM operation: HandshakeAllThreads (Deoptimize)
Event: 17.069 Executing non-safepoint VM operation: HandshakeAllThreads (Deoptimize) done
Event: 17.172 Executing safepoint VM operation: ParallelGCFailedAllocation (Allocation Failure)
Event: 17.184 Executing safepoint VM operation: ParallelGCFailedAllocation (Allocation Failure) done

Memory protections (0 events):
No events

Nmethod flushes (20 events):
Event: 9.674 Thread 0x0000018713790ca0 flushing  nmethod 0x000001871705e510
Event: 9.674 Thread 0x0000018713790ca0 flushing  nmethod 0x0000018717094e10
Event: 9.674 Thread 0x0000018713790ca0 flushing  nmethod 0x0000018717095210
Event: 9.674 Thread 0x0000018713790ca0 flushing  nmethod 0x0000018717095b10
Event: 9.674 Thread 0x0000018713790ca0 flushing  nmethod 0x0000018717096d10
Event: 9.674 Thread 0x0000018713790ca0 flushing  nmethod 0x0000018717097510
Event: 9.674 Thread 0x0000018713790ca0 flushing  nmethod 0x0000018717099610
Event: 9.674 Thread 0x0000018713790ca0 flushing  nmethod 0x0000018717099f10
Event: 9.674 Thread 0x0000018713790ca0 flushing  nmethod 0x000001871709b910
Event: 9.674 Thread 0x0000018713790ca0 flushing  nmethod 0x000001871709bd90
Event: 9.674 Thread 0x0000018713790ca0 flushing  nmethod 0x000001871709ce90
Event: 9.674 Thread 0x0000018713790ca0 flushing  nmethod 0x000001871709d390
Event: 9.674 Thread 0x0000018713790ca0 flushing  nmethod 0x000001871709ea10
Event: 9.674 Thread 0x0000018713790ca0 flushing  nmethod 0x00000187170a8510
Event: 9.674 Thread 0x0000018713790ca0 flushing  nmethod 0x00000187170eaa10
Event: 9.674 Thread 0x0000018713790ca0 flushing  nmethod 0x00000187170ed610
Event: 9.674 Thread 0x0000018713790ca0 flushing  nmethod 0x00000187170f5a10
Event: 9.674 Thread 0x0000018713790ca0 flushing  nmethod 0x0000018717100310
Event: 9.674 Thread 0x0000018713790ca0 flushing  nmethod 0x0000018717100d90
Event: 9.674 Thread 0x0000018713790ca0 flushing  nmethod 0x0000018717166190

Events (20 events):
Event: 9.496 Thread 0x000001871383ce00 Thread added: 0x00000187717ad170
Event: 9.496 Thread 0x000001871383ce00 Thread added: 0x00000187717ab730
Event: 9.496 Thread 0x000001871383ce00 Thread added: 0x00000187717ad800
Event: 9.496 Thread 0x000001871383ce00 Thread added: 0x00000187717ab0a0
Event: 9.577 Thread 0x000001871383ce00 Thread added: 0x00000187717abdc0
Event: 9.888 Thread 0x000001871383ce00 Thread added: 0x00000187748c9440
Event: 9.888 Thread 0x000001871383ce00 Thread added: 0x00000187748ccf50
Event: 10.566 Thread 0x00000187137dc8a0 Thread added: 0x00000187734c3400
Event: 13.378 Thread 0x0000018771f699b0 Thread added: 0x00000187748cae80
Event: 13.378 Thread 0x00000187748cae80 Thread added: 0x00000187748cc8c0
Event: 13.389 Thread 0x00000187734c3400 Thread exited: 0x00000187734c3400
Event: 13.519 Thread 0x00000187137dc8a0 Thread added: 0x0000018773782ca0
Event: 13.673 Thread 0x0000018771f6b3f0 Thread added: 0x00000187748cb510
Event: 14.088 Thread 0x0000018773782ca0 Thread exited: 0x0000018773782ca0
Event: 14.088 Thread 0x0000018772db6cd0 Thread exited: 0x0000018772db6cd0
Event: 15.346 Thread 0x00000187137dc8a0 Thread added: 0x00000187752e9c80
Event: 15.712 Thread 0x00000187137dc8a0 Thread added: 0x0000018773a89950
Event: 16.911 Thread 0x00000187752e9c80 Thread exited: 0x00000187752e9c80
Event: 16.911 Thread 0x0000018773a89950 Thread exited: 0x0000018773a89950
Event: 17.190 Thread 0x00000187137dc8a0 Thread added: 0x0000018772f149a0


Dynamic libraries:
0x00007ff611dc0000 - 0x00007ff611dce000 	c:\Users\62822\.vscode\extensions\redhat.java-1.54.0-win32-x64\jre\21.0.10-win32-x86_64\bin\java.exe
0x00007ff993e80000 - 0x00007ff9940e7000 	C:\WINDOWS\SYSTEM32\ntdll.dll
0x00007ff992e80000 - 0x00007ff992f49000 	C:\WINDOWS\System32\KERNEL32.DLL
0x00007ff991770000 - 0x00007ff991b67000 	C:\WINDOWS\System32\KERNELBASE.dll
0x00007ff991570000 - 0x00007ff9916bb000 	C:\WINDOWS\System32\ucrtbase.dll
0x00007ff94e7e0000 - 0x00007ff94e7f8000 	c:\Users\62822\.vscode\extensions\redhat.java-1.54.0-win32-x64\jre\21.0.10-win32-x86_64\bin\jli.dll
0x00007ff95a000000 - 0x00007ff95a01e000 	c:\Users\62822\.vscode\extensions\redhat.java-1.54.0-win32-x64\jre\21.0.10-win32-x86_64\bin\VCRUNTIME140.dll
0x00007ff991dd0000 - 0x00007ff991f96000 	C:\WINDOWS\System32\USER32.dll
0x00007ff9908b0000 - 0x00007ff9908d7000 	C:\WINDOWS\System32\win32u.dll
0x00007ff977ec0000 - 0x00007ff978152000 	C:\WINDOWS\WinSxS\amd64_microsoft.windows.common-controls_6595b64144ccf1df_6.0.26100.8457_none_3e0b2faee331e92d\COMCTL32.dll
0x00007ff9927d0000 - 0x00007ff9927fb000 	C:\WINDOWS\System32\GDI32.dll
0x00007ff991fa0000 - 0x00007ff992049000 	C:\WINDOWS\System32\msvcrt.dll
0x00007ff990a60000 - 0x00007ff990b8c000 	C:\WINDOWS\System32\gdi32full.dll
0x00007ff990c50000 - 0x00007ff990cf3000 	C:\WINDOWS\System32\msvcp_win.dll
0x00007ff992f60000 - 0x00007ff992f92000 	C:\WINDOWS\System32\IMM32.DLL
0x00007ff975770000 - 0x00007ff97577c000 	c:\Users\62822\.vscode\extensions\redhat.java-1.54.0-win32-x64\jre\21.0.10-win32-x86_64\bin\vcruntime140_1.dll
0x00007ff9418f0000 - 0x00007ff94197d000 	c:\Users\62822\.vscode\extensions\redhat.java-1.54.0-win32-x64\jre\21.0.10-win32-x86_64\bin\msvcp140.dll
0x00007ff8b1fa0000 - 0x00007ff8b2d41000 	c:\Users\62822\.vscode\extensions\redhat.java-1.54.0-win32-x64\jre\21.0.10-win32-x86_64\bin\server\jvm.dll
0x00007ff992800000 - 0x00007ff9928b6000 	C:\WINDOWS\System32\ADVAPI32.dll
0x00007ff9930b0000 - 0x00007ff993157000 	C:\WINDOWS\System32\sechost.dll
0x00007ff992c10000 - 0x00007ff992d28000 	C:\WINDOWS\System32\RPCRT4.dll
0x00007ff992b80000 - 0x00007ff992c00000 	C:\WINDOWS\System32\WS2_32.dll
0x00007ff990730000 - 0x00007ff99078e000 	C:\WINDOWS\SYSTEM32\POWRPROF.dll
0x00007ff985070000 - 0x00007ff9850a6000 	C:\WINDOWS\SYSTEM32\WINMM.dll
0x00007ff9872c0000 - 0x00007ff9872cb000 	C:\WINDOWS\SYSTEM32\VERSION.dll
0x00007ff990710000 - 0x00007ff990724000 	C:\WINDOWS\SYSTEM32\UMPDC.dll
0x00007ff98f620000 - 0x00007ff98f63b000 	C:\WINDOWS\SYSTEM32\kernel.appcore.dll
0x00007ff974520000 - 0x00007ff97452a000 	c:\Users\62822\.vscode\extensions\redhat.java-1.54.0-win32-x64\jre\21.0.10-win32-x86_64\bin\jimage.dll
0x00007ff98e700000 - 0x00007ff98e942000 	C:\WINDOWS\SYSTEM32\DBGHELP.DLL
0x00007ff9937a0000 - 0x00007ff993b23000 	C:\WINDOWS\System32\combase.dll
0x00007ff992a20000 - 0x00007ff992af9000 	C:\WINDOWS\System32\OLEAUT32.dll
0x00007ff96e040000 - 0x00007ff96e07b000 	C:\WINDOWS\SYSTEM32\dbgcore.DLL
0x00007ff9916c0000 - 0x00007ff991768000 	C:\WINDOWS\System32\bcryptPrimitives.dll
0x00007ff9727a0000 - 0x00007ff9727af000 	c:\Users\62822\.vscode\extensions\redhat.java-1.54.0-win32-x64\jre\21.0.10-win32-x86_64\bin\instrument.dll
0x00007ff959d90000 - 0x00007ff959db0000 	c:\Users\62822\.vscode\extensions\redhat.java-1.54.0-win32-x64\jre\21.0.10-win32-x86_64\bin\java.dll
0x00007ff992050000 - 0x00007ff9927be000 	C:\WINDOWS\System32\SHELL32.dll
0x00007ff990d00000 - 0x00007ff99156c000 	C:\WINDOWS\System32\windows.storage.dll
0x00007ff993d40000 - 0x00007ff993e36000 	C:\WINDOWS\System32\SHCORE.dll
0x00007ff992d30000 - 0x00007ff992d96000 	C:\WINDOWS\System32\shlwapi.dll
0x00007ff9907d0000 - 0x00007ff9907f9000 	C:\WINDOWS\SYSTEM32\profapi.dll
0x00007ff94e7a0000 - 0x00007ff94e7b8000 	c:\Users\62822\.vscode\extensions\redhat.java-1.54.0-win32-x64\jre\21.0.10-win32-x86_64\bin\zip.dll
0x00007ff96cca0000 - 0x00007ff96ccb0000 	C:\Users\62822\.vscode\extensions\redhat.java-1.54.0-win32-x64\jre\21.0.10-win32-x86_64\bin\net.dll
0x00007ff989510000 - 0x00007ff989639000 	C:\WINDOWS\SYSTEM32\WINHTTP.dll
0x00007ff98fbb0000 - 0x00007ff98fc1c000 	C:\WINDOWS\system32\mswsock.dll
0x00007ff94bfc0000 - 0x00007ff94bfd6000 	C:\Users\62822\.vscode\extensions\redhat.java-1.54.0-win32-x64\jre\21.0.10-win32-x86_64\bin\nio.dll
0x00007ff96cb00000 - 0x00007ff96cb10000 	c:\Users\62822\.vscode\extensions\redhat.java-1.54.0-win32-x64\jre\21.0.10-win32-x86_64\bin\verify.dll
0x00007ff940f60000 - 0x00007ff940fa5000 	C:\Users\62822\AppData\Roaming\Code\User\globalStorage\redhat.java\1.54.0\config_win\org.eclipse.equinox.launcher\org.eclipse.equinox.launcher.win32.win32.x86_64_1.3.0.v20260203-2149\eclipse_11919.dll
0x00007ff993170000 - 0x00007ff993307000 	C:\WINDOWS\System32\ole32.dll
0x00007ff98fea0000 - 0x00007ff98febb000 	C:\WINDOWS\SYSTEM32\CRYPTSP.dll
0x00007ff98f580000 - 0x00007ff98f5b9000 	C:\WINDOWS\system32\rsaenh.dll
0x00007ff98fc60000 - 0x00007ff98fc93000 	C:\WINDOWS\SYSTEM32\USERENV.dll
0x00007ff9907a0000 - 0x00007ff9907ca000 	C:\WINDOWS\SYSTEM32\bcrypt.dll
0x00007ff98fe90000 - 0x00007ff98fe9c000 	C:\WINDOWS\SYSTEM32\CRYPTBASE.dll
0x00007ff98f000000 - 0x00007ff98f032000 	C:\WINDOWS\SYSTEM32\IPHLPAPI.DLL
0x00007ff991dc0000 - 0x00007ff991dca000 	C:\WINDOWS\System32\NSI.dll
0x00007ff94ba20000 - 0x00007ff94ba69000 	C:\Users\62822\AppData\Local\Temp\jna-51415100\jna1853450706392096327.dll
0x00007ff992f50000 - 0x00007ff992f58000 	C:\WINDOWS\System32\PSAPI.DLL
0x00007ff98a680000 - 0x00007ff98a69d000 	C:\WINDOWS\SYSTEM32\dhcpcsvc6.DLL
0x00007ff98a0a0000 - 0x00007ff98a0c5000 	C:\WINDOWS\SYSTEM32\dhcpcsvc.DLL

JVMTI agents:
c:\Users\62822\.vscode\extensions\redhat.java-1.54.0-win32-x64\lombok\lombok-1.18.39-4050.jar path:c:\Users\62822\.vscode\extensions\redhat.java-1.54.0-win32-x64\jre\21.0.10-win32-x86_64\bin\instrument.dll, loaded, initialized, instrumentlib options:none

dbghelp: loaded successfully - version: 4.0.5 - missing functions: none
symbol engine: initialized successfully - sym options: 0x614 - pdb path: .;c:\Users\62822\.vscode\extensions\redhat.java-1.54.0-win32-x64\jre\21.0.10-win32-x86_64\bin;C:\WINDOWS\SYSTEM32;C:\WINDOWS\WinSxS\amd64_microsoft.windows.common-controls_6595b64144ccf1df_6.0.26100.8457_none_3e0b2faee331e92d;c:\Users\62822\.vscode\extensions\redhat.java-1.54.0-win32-x64\jre\21.0.10-win32-x86_64\bin\server;C:\Users\62822\AppData\Roaming\Code\User\globalStorage\redhat.java\1.54.0\config_win\org.eclipse.equinox.launcher\org.eclipse.equinox.launcher.win32.win32.x86_64_1.3.0.v20260203-2149;C:\Users\62822\AppData\Local\Temp\jna-51415100

VM Arguments:
jvm_args: --add-modules=ALL-SYSTEM --add-opens=java.base/java.util=ALL-UNNAMED --add-opens=java.base/java.lang=ALL-UNNAMED --add-opens=java.base/sun.nio.fs=ALL-UNNAMED -Declipse.application=org.eclipse.jdt.ls.core.id1 -Dosgi.bundles.defaultStartLevel=4 -Declipse.product=org.eclipse.jdt.ls.core.product -Djava.import.generatesMetadataFilesAtProjectRoot=false -DDetectVMInstallationsJob.disabled=true -Dfile.encoding=utf8 -XX:+UseParallelGC -XX:GCTimeRatio=4 -XX:AdaptiveSizePolicyWeight=90 -Dsun.zip.disableMemoryMapping=true -Xmx2G -Xms100m -Xlog:disable -javaagent:c:\Users\62822\.vscode\extensions\redhat.java-1.54.0-win32-x64\lombok\lombok-1.18.39-4050.jar -XX:+HeapDumpOnOutOfMemoryError -XX:HeapDumpPath=c:\Users\62822\AppData\Roaming\Code\User\workspaceStorage\3d05a2680497302c478b42c341477874\redhat.java -Daether.dependencyCollector.impl=bf 
java_command: c:\Users\62822\.vscode\extensions\redhat.java-1.54.0-win32-x64\server\plugins\org.eclipse.equinox.launcher_1.7.100.v20251111-0406.jar -configuration c:\Users\62822\AppData\Roaming\Code\User\globalStorage\redhat.java\1.54.0\config_win -data c:\Users\62822\AppData\Roaming\Code\User\workspaceStorage\3d05a2680497302c478b42c341477874\redhat.java\jdt_ws --pipe=\\.\pipe\lsp-e25621424fe9ebcce0654938912b97a1-sock
java_class_path (initial): c:\Users\62822\.vscode\extensions\redhat.java-1.54.0-win32-x64\server\plugins\org.eclipse.equinox.launcher_1.7.100.v20251111-0406.jar
Launcher Type: SUN_STANDARD

[Global flags]
    uintx AdaptiveSizePolicyWeight                 = 90                                        {product} {command line}
     intx CICompilerCount                          = 4                                         {product} {ergonomic}
    uintx GCTimeRatio                              = 4                                         {product} {command line}
     bool HeapDumpOnOutOfMemoryError               = true                                   {manageable} {command line}
    ccstr HeapDumpPath                             = c:\Users\62822\AppData\Roaming\Code\User\workspaceStorage\3d05a2680497302c478b42c341477874\redhat.java         {manageable} {command line}
   size_t InitialHeapSize                          = 104857600                                 {product} {command line}
   size_t MaxHeapSize                              = 2147483648                                {product} {command line}
   size_t MaxNewSize                               = 715653120                                 {product} {ergonomic}
   size_t MinHeapDeltaBytes                        = 524288                                    {product} {ergonomic}
   size_t MinHeapSize                              = 104857600                                 {product} {command line}
   size_t NewSize                                  = 34603008                                  {product} {ergonomic}
    uintx NonNMethodCodeHeapSize                   = 5839372                                {pd product} {ergonomic}
    uintx NonProfiledCodeHeapSize                  = 122909434                              {pd product} {ergonomic}
   size_t OldSize                                  = 70254592                                  {product} {ergonomic}
    uintx ProfiledCodeHeapSize                     = 122909434                              {pd product} {ergonomic}
    uintx ReservedCodeCacheSize                    = 251658240                              {pd product} {ergonomic}
     bool SegmentedCodeCache                       = true                                      {product} {ergonomic}
   size_t SoftMaxHeapSize                          = 2147483648                             {manageable} {ergonomic}
     bool UseCompressedOops                        = true                           {product lp64_product} {ergonomic}
     bool UseLargePagesIndividualAllocation        = false                                  {pd product} {ergonomic}
     bool UseParallelGC                            = true                                      {product} {command line}

Logging:
Log output configuration:
 #0: stdout all=off uptime,level,tags foldmultilines=false
 #1: stderr all=off uptime,level,tags foldmultilines=false

Release file:
JAVA_VERSION="21.0.10" 
MODULES="java.base java.compiler java.datatransfer java.xml java.prefs java.desktop java.instrument java.logging java.management java.security.sasl java.naming java.rmi java.management.rmi java.net.http java.scripting java.security.jgss java.transaction.xa java.sql java.sql.rowset java.xml.crypto java.se java.smartcardio jdk.accessibility jdk.internal.jvmstat jdk.attach jdk.charsets jdk.internal.opt jdk.zipfs jdk.compiler jdk.crypto.ec jdk.crypto.cryptoki jdk.crypto.mscapi jdk.dynalink jdk.internal.ed jdk.editpad jdk.hotspot.agent jdk.httpserver jdk.internal.le jdk.internal.vm.ci jdk.internal.vm.compiler jdk.internal.vm.compiler.management jdk.jartool jdk.javadoc jdk.jcmd jdk.management jdk.management.agent jdk.jconsole jdk.jdeps jdk.jdwp.agent jdk.jdi jdk.jfr jdk.jshell jdk.jsobject jdk.jstatd jdk.localedata jdk.management.jfr jdk.naming.dns jdk.naming.rmi jdk.net jdk.nio.mapmode jdk.random jdk.sctp jdk.security.auth jdk.security.jgss jdk.unsupported jdk.unsupported.desktop jdk.xml.dom" 

Environment Variables:
JAVA_HOME=C:\Program Files\Eclipse Adoptium\jdk-17.0.18.8-hotspot\
PATH=C:\Program Files\Eclipse Adoptium\jdk-17.0.18.8-hotspot\bin;C:\WINDOWS\system32;C:\WINDOWS;C:\WINDOWS\System32\Wbem;C:\WINDOWS\System32\WindowsPowerShell\v1.0\;C:\WINDOWS\System32\OpenSSH\;C:\MinGW\bin;C:\Program Files\PuTTY\;C:\xampp\mysql\bin;C:\Program Files\Git\cmd;C:\Program Files (x86)\Microsoft SQL Server\170\Tools\Binn\;C:\Program Files\Microsoft SQL Server\170\Tools\Binn\;C:\Program Files\Microsoft SQL Server\Client SDK\ODBC\180\Tools\Binn\;C:\Program Files\Microsoft SQL Server\170\DTS\Binn\;C:\Program Files (x86)\Microsoft SQL Server\170\DTS\Binn\;C:\Program Files\MySQL\MySQL Server 9.7\bin;C:\msys64\ucrt64\bin;C:\Users\62822\AppData\Local\Programs\Python\Python312\;C:\Users\62822\AppData\Local\Programs\Python\Launcher\;C:\Users\62822\AppData\Local\Microsoft\WindowsApps;C:\Users\62822\AppData\Local\Programs\Microsoft VS Code\bin;
USERNAME=62822
OS=Windows_NT
PROCESSOR_IDENTIFIER=Intel64 Family 6 Model 140 Stepping 1, GenuineIntel
TMP=C:\Users\62822\AppData\Local\Temp
TEMP=C:\Users\62822\AppData\Local\Temp




Periodic native trim disabled

---------------  S Y S T E M  ---------------

OS:
 Windows 11 , 64 bit Build 26100 (10.0.26100.8328)
OS uptime: 1 days 2:24 hours
Hyper-V role detected

CPU: total 8 (initial active 8) (4 cores per cpu, 2 threads per core) family 6 model 140 stepping 1 microcode 0x86, cx8, cmov, fxsr, ht, mmx, 3dnowpref, sse, sse2, sse3, ssse3, sse4.1, sse4.2, popcnt, lzcnt, tsc, tscinvbit, avx, avx2, aes, erms, clmul, bmi1, bmi2, adx, avx512f, avx512dq, avx512cd, avx512bw, avx512vl, sha, fma, vzeroupper, avx512_vpopcntdq, avx512_vpclmulqdq, avx512_vaes, avx512_vnni, clflush, clflushopt, clwb, avx512_vbmi2, avx512_vbmi, hv, rdtscp, rdpid, fsrm, gfni, avx512_bitalg, f16c, cet_ibt, cet_ss, avx512_ifma
Processor Information for the first 8 processors :
  Max Mhz: 2419, Current Mhz: 2419, Mhz Limit: 2419

Memory: 4k page, system-wide physical 7887M (536M free)
TotalPageFile size 18408M (AvailPageFile size 8M)
current process WorkingSet (physical memory assigned to process): 251M, peak: 251M
current process commit charge ("private bytes"): 349M, peak: 360M

vm_info: OpenJDK 64-Bit Server VM (21.0.10+7-LTS) for windows-amd64 JRE (21.0.10+7-LTS), built on 2026-01-20T00:00:00Z by "admin" with MS VC++ 17.12 (VS2022)

END.
